Start testing: Mar 20 19:08 MSK
----------------------------------------------------------
1/1 Testing: AVLTreeTest
1/1 Test: AVLTreeTest
Command: "/Users/sergejperlin/CLionProjects/ownRedis/build/tests/tests"
Directory: /Users/sergejperlin/CLionProjects/ownRedis/build/tests
"AVLTreeTest" start time: Mar 20 19:08 MSK
Output:
----------------------------------------------------------
<end of output>
Test time =   7.64 sec
----------------------------------------------------------
Test Passed.
"AVLTreeTest" end time: Mar 20 19:08 MSK
"AVLTreeTest" time elapsed: 00:00:07
----------------------------------------------------------

End testing: Mar 20 19:08 MSK
