<?xml version="1.0" encoding="UTF-8"?>
<Site BuildName="(empty)"
	BuildStamp="20250318-1846-Experimental"
	Name="(empty)"
	Generator="ctest-3.31.5"
	CompilerName=""
	CompilerVersion=""
	OSName="macOS"
	Hostname="MacBook-Pro-Sergej.local"
	OSRelease="14.6.1"
	OSVersion="23G93"
	OSPlatform="arm64"
	Is64Bits="1"
	VendorString="Apple"
	VendorID="Apple"
	FamilyID="0"
	ModelID="0"
	ModelName="Apple M1 Pro"
	ProcessorCacheSize="131072"
	NumberOfLogicalCPU="8"
	NumberOfPhysicalCPU="8"
	TotalVirtualMemory="0"
	TotalPhysicalMemory="16384"
	LogicalProcessorsPerPhysical="8"
	ProcessorClockFrequency="0"
	>
	<Testing>
		<StartDateTime>Mar 18 22:05 MSK</StartDateTime>
		<StartTestTime>1742324722</StartTestTime>
		<TestList/>
		<EndDateTime>Mar 18 22:05 MSK</EndDateTime>
		<EndTestTime>1742324722</EndTestTime>
		<ElapsedMinutes>0</ElapsedMinutes>
	</Testing>
</Site>
