Start testing: Mar 20 19:46 MSK
----------------------------------------------------------
1/1 Testing: AVLTreeTest
1/1 Test: AVLTreeTest
Command: "/Users/sergejperlin/CLionProjects/ownRedis/cmake-build-debug/tests/tests"
Directory: /Users/sergejperlin/CLionProjects/ownRedis/cmake-build-debug/tests
"AVLTreeTest" start time: Mar 20 19:46 MSK
Output:
----------------------------------------------------------
[==========] Running 4 tests from 1 test suite.
[----------] Global test environment set-up.
[----------] 4 tests from AVLTree
[ RUN      ] AVLTree.InsertSingleValue
[       OK ] AVLTree.InsertSingleValue (0 ms)
[ RUN      ] AVLTree.InsertMulitipleValues
[       OK ] AVLTree.InsertMulitipleValues (1 ms)
[ RUN      ] AVLTree.InsertDuplecateValues
[       OK ] AVLTree.InsertDuplecateValues (2 ms)
[ RUN      ] AVLTree.RemoveValues
[       OK ] AVLTree.RemoveValues (34 ms)
[----------] 4 tests from AVLTree (38 ms total)

[----------] Global test environment tear-down
[==========] 4 tests from 1 test suite ran. (38 ms total)
[  PASSED  ] 4 tests.
<end of output>
Test time =   0.37 sec
----------------------------------------------------------
Test Passed.
"AVLTreeTest" end time: Mar 20 19:46 MSK
"AVLTreeTest" time elapsed: 00:00:00
----------------------------------------------------------

End testing: Mar 20 19:46 MSK
